# JRE version: Java(TM) SE Runtime Environment (8.0_77-b03) (build 1.8.0_77-b03)
# Java VM: Java HotSpot(TM) 64-Bit Server VM (25.77-b03 mixed mode windows-amd64 compressed oops)
Heap:
 PSYoungGen      total 223744K, used 209216K [0x00000000eab00000, 0x00000000fdf00000, 0x0000000100000000)
  eden space 197632K, 100% used [0x00000000eab00000,0x00000000f6c00000,0x00000000f6c00000)
  from space 26112K, 44% used [0x00000000f6c00000,0x00000000f7750000,0x00000000f8580000)
  to   space 24576K, 71% used [0x00000000fc700000,0x00000000fd828040,0x00000000fdf00000)
 ParOldGen       total 126976K, used 24130K [0x00000000c0000000, 0x00000000c7c00000, 0x00000000eab00000)
  object space 126976K, 19% used [0x00000000c0000000,0x00000000c1790a90,0x00000000c7c00000)
 Metaspace       used 57543K, capacity 59964K, committed 60120K, reserved 1101824K
  class space    used 7795K, capacity 8353K, committed 8448K, reserved 1048576K
GC Heap History (10 events):
Event: 19.692 GC heap after
Heap after GC invocations=12 (full 2):
 PSYoungGen      total 164864K, used 14334K [0x00000000eab00000, 0x00000000f6900000, 0x0000000100000000)
  eden space 150528K, 0% used [0x00000000eab00000,0x00000000eab00000,0x00000000f3e00000)
  from space 14336K, 99% used [0x00000000f4f00000,0x00000000f5cffbd0,0x00000000f5d00000)
  to   space 17408K, 0% used [0x00000000f3e00000,0x00000000f3e00000,0x00000000f4f00000)
 ParOldGen       total 97792K, used 21434K [0x00000000c0000000, 0x00000000c5f80000, 0x00000000eab00000)
  object space 97792K, 21% used [0x00000000c0000000,0x00000000c14ee838,0x00000000c5f80000)
 Metaspace       used 50737K, capacity 52086K, committed 52312K, reserved 1093632K
  class space    used 6865K, capacity 7239K, committed 7296K, reserved 1048576K
}
Event: 22.136 GC heap before
{Heap before GC invocations=13 (full 2):
 PSYoungGen      total 164864K, used 164862K [0x00000000eab00000, 0x00000000f6900000, 0x0000000100000000)
  eden space 150528K, 100% used [0x00000000eab00000,0x00000000f3e00000,0x00000000f3e00000)
  from space 14336K, 99% used [0x00000000f4f00000,0x00000000f5cffbd0,0x00000000f5d00000)
  to   space 17408K, 0% used [0x00000000f3e00000,0x00000000f3e00000,0x00000000f4f00000)
 ParOldGen       total 97792K, used 21434K [0x00000000c0000000, 0x00000000c5f80000, 0x00000000eab00000)
  object space 97792K, 21% used [0x00000000c0000000,0x00000000c14ee838,0x00000000c5f80000)
 Metaspace       used 56384K, capacity 58516K, committed 58712K, reserved 1099776K
  class space    used 7731K, capacity 8236K, committed 8320K, reserved 1048576K
Event: 22.285 GC heap after
Heap after GC invocations=13 (full 2):
 PSYoungGen      total 167936K, used 17393K [0x00000000eab00000, 0x00000000fa200000, 0x0000000100000000)
  eden space 150528K, 0% used [0x00000000eab00000,0x00000000eab00000,0x00000000f3e00000)
  from space 17408K, 99% used [0x00000000f3e00000,0x00000000f4efc730,0x00000000f4f00000)
  to   space 24576K, 0% used [0x00000000f8a00000,0x00000000f8a00000,0x00000000fa200000)
 ParOldGen       total 97792K, used 34883K [0x00000000c0000000, 0x00000000c5f80000, 0x00000000eab00000)
  object space 97792K, 35% used [0x00000000c0000000,0x00000000c2210f50,0x00000000c5f80000)
 Metaspace       used 56384K, capacity 58516K, committed 58712K, reserved 1099776K
  class space    used 7731K, capacity 8236K, committed 8320K, reserved 1048576K
}
Event: 1260.478 GC heap before
{Heap before GC invocations=14 (full 2):
 PSYoungGen      total 167936K, used 43256K [0x00000000eab00000, 0x00000000fa200000, 0x0000000100000000)
  eden space 150528K, 17% used [0x00000000eab00000,0x00000000ec441ac0,0x00000000f3e00000)
  from space 17408K, 99% used [0x00000000f3e00000,0x00000000f4efc730,0x00000000f4f00000)
  to   space 24576K, 0% used [0x00000000f8a00000,0x00000000f8a00000,0x00000000fa200000)
 ParOldGen       total 97792K, used 34883K [0x00000000c0000000, 0x00000000c5f80000, 0x00000000eab00000)
  object space 97792K, 35% used [0x00000000c0000000,0x00000000c2210f50,0x00000000c5f80000)
 Metaspace       used 56700K, capacity 58862K, committed 58968K, reserved 1099776K
  class space    used 7750K, capacity 8258K, committed 8320K, reserved 1048576K
Event: 1260.551 GC heap after
Heap after GC invocations=14 (full 2):
 PSYoungGen      total 219136K, used 18401K [0x00000000eab00000, 0x00000000f9f00000, 0x0000000100000000)
  eden space 197632K, 0% used [0x00000000eab00000,0x00000000eab00000,0x00000000f6c00000)
  from space 21504K, 85% used [0x00000000f8a00000,0x00000000f9bf8740,0x00000000f9f00000)
  to   space 26112K, 0% used [0x00000000f6c00000,0x00000000f6c00000,0x00000000f8580000)
 ParOldGen       total 97792K, used 34891K [0x00000000c0000000, 0x00000000c5f80000, 0x00000000eab00000)
  object space 97792K, 35% used [0x00000000c0000000,0x00000000c2212f50,0x00000000c5f80000)
 Metaspace       used 56700K, capacity 58862K, committed 58968K, reserved 1099776K
  class space    used 7750K, capacity 8258K, committed 8320K, reserved 1048576K
}
Event: 1260.551 GC heap before
{Heap before GC invocations=15 (full 3):
 PSYoungGen      total 219136K, used 18401K [0x00000000eab00000, 0x00000000f9f00000, 0x0000000100000000)
  eden space 197632K, 0% used [0x00000000eab00000,0x00000000eab00000,0x00000000f6c00000)
  from space 21504K, 85% used [0x00000000f8a00000,0x00000000f9bf8740,0x00000000f9f00000)
  to   space 26112K, 0% used [0x00000000f6c00000,0x00000000f6c00000,0x00000000f8580000)
 ParOldGen       total 97792K, used 34891K [0x00000000c0000000, 0x00000000c5f80000, 0x00000000eab00000)
  object space 97792K, 35% used [0x00000000c0000000,0x00000000c2212f50,0x00000000c5f80000)
 Metaspace       used 56700K, capacity 58862K, committed 58968K, reserved 1099776K
  class space    used 7750K, capacity 8258K, committed 8320K, reserved 1048576K
Event: 1260.801 GC heap after
Heap after GC invocations=15 (full 3):
 PSYoungGen      total 219136K, used 0K [0x00000000eab00000, 0x00000000f9f00000, 0x0000000100000000)
  eden space 197632K, 0% used [0x00000000eab00000,0x00000000eab00000,0x00000000f6c00000)
  from space 21504K, 0% used [0x00000000f8a00000,0x00000000f8a00000,0x00000000f9f00000)
  to   space 26112K, 0% used [0x00000000f6c00000,0x00000000f6c00000,0x00000000f8580000)
 ParOldGen       total 126976K, used 24114K [0x00000000c0000000, 0x00000000c7c00000, 0x00000000eab00000)
  object space 126976K, 18% used [0x00000000c0000000,0x00000000c178ca90,0x00000000c7c00000)
 Metaspace       used 55477K, capacity 56756K, committed 58968K, reserved 1099776K
  class space    used 7472K, capacity 7784K, committed 8320K, reserved 1048576K
}
Event: 1264.212 GC heap before
{Heap before GC invocations=16 (full 3):
 PSYoungGen      total 219136K, used 197632K [0x00000000eab00000, 0x00000000f9f00000, 0x0000000100000000)
  eden space 197632K, 100% used [0x00000000eab00000,0x00000000f6c00000,0x00000000f6c00000)
  from space 21504K, 0% used [0x00000000f8a00000,0x00000000f8a00000,0x00000000f9f00000)
  to   space 26112K, 0% used [0x00000000f6c00000,0x00000000f6c00000,0x00000000f8580000)
 ParOldGen       total 126976K, used 24114K [0x00000000c0000000, 0x00000000c7c00000, 0x00000000eab00000)
  object space 126976K, 18% used [0x00000000c0000000,0x00000000c178ca90,0x00000000c7c00000)
 Metaspace       used 56107K, capacity 57582K, committed 59480K, reserved 1099776K
  class space    used 7531K, capacity 7893K, committed 8320K, reserved 1048576K
Event: 1264.241 GC heap after
Heap after GC invocations=16 (full 3):
 PSYoungGen      total 223744K, used 11584K [0x00000000eab00000, 0x00000000fdf00000, 0x0000000100000000)
  eden space 197632K, 0% used [0x00000000eab00000,0x00000000eab00000,0x00000000f6c00000)
  from space 26112K, 44% used [0x00000000f6c00000,0x00000000f7750000,0x00000000f8580000)
  to   space 24576K, 0% used [0x00000000fc700000,0x00000000fc700000,0x00000000fdf00000)
 ParOldGen       total 126976K, used 24122K [0x00000000c0000000, 0x00000000c7c00000, 0x00000000eab00000)
  object space 126976K, 18% used [0x00000000c0000000,0x00000000c178ea90,0x00000000c7c00000)
 Metaspace       used 56107K, capacity 57582K, committed 59480K, reserved 1099776K
  class space    used 7531K, capacity 7893K, committed 8320K, reserved 1048576K
}
Event: 7660.370 GC heap before
{Heap before GC invocations=17 (full 3):
 PSYoungGen      total 223744K, used 209216K [0x00000000eab00000, 0x00000000fdf00000, 0x0000000100000000)
  eden space 197632K, 100% used [0x00000000eab00000,0x00000000f6c00000,0x00000000f6c00000)
  from space 26112K, 44% used [0x00000000f6c00000,0x00000000f7750000,0x00000000f8580000)
  to   space 24576K, 0% used [0x00000000fc700000,0x00000000fc700000,0x00000000fdf00000)
 ParOldGen       total 126976K, used 24122K [0x00000000c0000000, 0x00000000c7c00000, 0x00000000eab00000)
  object space 126976K, 18% used [0x00000000c0000000,0x00000000c178ea90,0x00000000c7c00000)
 Metaspace       used 57543K, capacity 59964K, committed 60120K, reserved 1101824K
  class space    used 7795K, capacity 8353K, committed 8448K, reserved 1048576K

